/scratch.global/radke149/dicl/lib/python3.9/site-packages/gymnasium/envs/registration.py:531: UserWarning: [33mWARN: Using the latest versioned environment `HalfCheetah-v4` instead of the unversioned environment `HalfCheetah`.[0m
  logger.warn(
/scratch.global/radke149/dicl/lib/python3.9/site-packages/gymnasium/utils/passive_env_checker.py:164: UserWarning: [33mWARN: The obs returned by the `reset()` method was expecting numpy array dtype to be <class 'numpy.float32'>, actual type: float64[0m
  logger.warn(
/scratch.global/radke149/dicl/lib/python3.9/site-packages/gymnasium/utils/passive_env_checker.py:188: UserWarning: [33mWARN: The obs returned by the `reset()` method is not within the observation space.[0m
  logger.warn(f"{pre} is not within the observation space.")
/scratch.global/radke149/dicl/lib/python3.9/site-packages/gymnasium/utils/passive_env_checker.py:164: UserWarning: [33mWARN: The obs returned by the `step()` method was expecting numpy array dtype to be <class 'numpy.float32'>, actual type: float64[0m
  logger.warn(
/scratch.global/radke149/dicl/lib/python3.9/site-packages/gymnasium/utils/passive_env_checker.py:188: UserWarning: [33mWARN: The obs returned by the `step()` method is not within the observation space.[0m
  logger.warn(f"{pre} is not within the observation space.")
global_step=1000, episodic_return=[-216.43686]
global_step=2000, episodic_return=[-283.43326]
global_step=3000, episodic_return=[-199.93349]
global_step=4000, episodic_return=[-213.04321]
global_step=5000, episodic_return=[-155.79102]
global_step=6000, episodic_return=[-112.3103]
global_step=7000, episodic_return=[-230.66624]
global_step=8000, episodic_return=[-162.2535]
global_step=9000, episodic_return=[-131.7342]
global_step=10000, episodic_return=[-226.34119]
global_step=11000, episodic_return=[-196.7726]
global_step=12000, episodic_return=[-148.28085]
global_step=13000, episodic_return=[-248.10188]
global_step=14000, episodic_return=[252.69809]
global_step=15000, episodic_return=[38.675747]
global_step=16000, episodic_return=[665.0064]
global_step=17000, episodic_return=[1158.5013]
global_step=18000, episodic_return=[1247.0565]
global_step=19000, episodic_return=[1373.8]
global_step=20000, episodic_return=[1389.0809]
global_step=21000, episodic_return=[1805.3407]
global_step=22000, episodic_return=[1777.671]
global_step=23000, episodic_return=[2035.1373]
global_step=24000, episodic_return=[2049.1416]
global_step=25000, episodic_return=[2304.1384]
global_step=26000, episodic_return=[2099.9446]
global_step=27000, episodic_return=[2503.646]
global_step=28000, episodic_return=[2735.1716]
global_step=29000, episodic_return=[2397.5264]
global_step=30000, episodic_return=[2502.564]
global_step=31000, episodic_return=[3169.0957]
global_step=32000, episodic_return=[3336.834]
global_step=33000, episodic_return=[2843.0386]
global_step=34000, episodic_return=[3037.397]
global_step=35000, episodic_return=[3502.5596]
global_step=36000, episodic_return=[3538.8699]
global_step=37000, episodic_return=[3483.642]
global_step=38000, episodic_return=[3546.9763]
global_step=39000, episodic_return=[3482.6665]
global_step=40000, episodic_return=[3812.0261]
global_step=41000, episodic_return=[3671.93]
global_step=42000, episodic_return=[3576.282]
global_step=43000, episodic_return=[3482.554]
global_step=44000, episodic_return=[3849.9634]
global_step=45000, episodic_return=[3803.52]
global_step=46000, episodic_return=[3709.6782]
global_step=47000, episodic_return=[3910.9592]
global_step=48000, episodic_return=[3918.425]
global_step=49000, episodic_return=[4257.131]
global_step=50000, episodic_return=[3979.9211]
global_step=51000, episodic_return=[4032.1838]
global_step=52000, episodic_return=[3725.557]
global_step=53000, episodic_return=[4278.943]
global_step=54000, episodic_return=[4075.6309]
global_step=55000, episodic_return=[3873.9958]
global_step=56000, episodic_return=[4108.9243]
global_step=57000, episodic_return=[4319.2417]
global_step=58000, episodic_return=[4399.1245]
global_step=59000, episodic_return=[4262.077]
global_step=60000, episodic_return=[4237.528]
global_step=61000, episodic_return=[4371.1704]
global_step=62000, episodic_return=[4417.793]
global_step=63000, episodic_return=[4601.0938]
global_step=64000, episodic_return=[4507.495]
global_step=65000, episodic_return=[4283.326]
global_step=66000, episodic_return=[4553.7715]
global_step=67000, episodic_return=[4670.9155]
global_step=68000, episodic_return=[4591.443]
global_step=69000, episodic_return=[4685.3193]
global_step=70000, episodic_return=[4282.8623]
global_step=71000, episodic_return=[4610.4487]
global_step=72000, episodic_return=[4720.6387]
global_step=73000, episodic_return=[4710.6045]
global_step=74000, episodic_return=[4812.742]
global_step=75000, episodic_return=[4800.099]
global_step=76000, episodic_return=[4965.861]
global_step=77000, episodic_return=[4738.156]
global_step=78000, episodic_return=[4734.8296]
global_step=79000, episodic_return=[4814.8438]
global_step=80000, episodic_return=[4901.491]
global_step=81000, episodic_return=[4863.0425]
global_step=82000, episodic_return=[5008.1855]
global_step=83000, episodic_return=[4968.495]
global_step=84000, episodic_return=[4880.8066]
global_step=85000, episodic_return=[5075.206]
global_step=86000, episodic_return=[4903.86]
global_step=87000, episodic_return=[4849.6875]
global_step=88000, episodic_return=[5019.97]
global_step=89000, episodic_return=[5066.086]
global_step=90000, episodic_return=[5103.4497]
global_step=91000, episodic_return=[5179.6807]
global_step=92000, episodic_return=[5250.874]
global_step=93000, episodic_return=[5123.703]
global_step=94000, episodic_return=[4858.1562]
global_step=95000, episodic_return=[5215.965]
global_step=96000, episodic_return=[5140.029]
global_step=97000, episodic_return=[5172.058]
global_step=98000, episodic_return=[5314.9644]
global_step=99000, episodic_return=[5580.59]
global_step=100000, episodic_return=[5324.629]
global_step=101000, episodic_return=[5354.064]
global_step=102000, episodic_return=[5535.7007]
global_step=103000, episodic_return=[5457.7275]
global_step=104000, episodic_return=[5471.7363]
global_step=105000, episodic_return=[5469.7397]
global_step=106000, episodic_return=[5388.051]
global_step=107000, episodic_return=[5451.898]
global_step=108000, episodic_return=[5378.353]
global_step=109000, episodic_return=[5516.265]
global_step=110000, episodic_return=[5481.0176]
global_step=111000, episodic_return=[5577.6304]
global_step=112000, episodic_return=[5502.778]
global_step=113000, episodic_return=[5538.5586]
global_step=114000, episodic_return=[5365.6465]
global_step=115000, episodic_return=[5778.25]
global_step=116000, episodic_return=[5600.282]
global_step=117000, episodic_return=[5719.294]
global_step=118000, episodic_return=[5716.401]
global_step=119000, episodic_return=[5975.0425]
global_step=120000, episodic_return=[6061.508]
global_step=121000, episodic_return=[5744.1636]
global_step=122000, episodic_return=[6063.2437]
global_step=123000, episodic_return=[5863.1606]
global_step=124000, episodic_return=[5837.812]
global_step=125000, episodic_return=[5909.379]
global_step=126000, episodic_return=[5904.4873]
global_step=127000, episodic_return=[5859.297]
global_step=128000, episodic_return=[6026.448]
global_step=129000, episodic_return=[6127.087]
global_step=130000, episodic_return=[6006.7686]
global_step=131000, episodic_return=[6128.4473]
global_step=132000, episodic_return=[6043.1855]
global_step=133000, episodic_return=[5974.908]
global_step=134000, episodic_return=[5917.9946]
global_step=135000, episodic_return=[6260.648]
global_step=136000, episodic_return=[6124.8735]
global_step=137000, episodic_return=[6013.5527]
global_step=138000, episodic_return=[6417.8726]
global_step=139000, episodic_return=[6153.686]
global_step=140000, episodic_return=[6176.223]
global_step=141000, episodic_return=[6113.97]
global_step=142000, episodic_return=[6338.239]
global_step=143000, episodic_return=[6336.6216]
global_step=144000, episodic_return=[6079.8965]
global_step=145000, episodic_return=[6206.1245]
global_step=146000, episodic_return=[6340.1357]
global_step=147000, episodic_return=[6338.5166]
global_step=148000, episodic_return=[6331.5713]
global_step=149000, episodic_return=[6537.181]
global_step=150000, episodic_return=[6475.587]
global_step=151000, episodic_return=[6541.11]
global_step=152000, episodic_return=[6651.6562]
global_step=153000, episodic_return=[6779.6523]
global_step=154000, episodic_return=[6513.8423]
global_step=155000, episodic_return=[6464.321]
global_step=156000, episodic_return=[6560.306]
global_step=157000, episodic_return=[6375.9976]
global_step=158000, episodic_return=[6197.121]
global_step=159000, episodic_return=[6510.9634]
global_step=160000, episodic_return=[6305.811]
global_step=161000, episodic_return=[6571.891]
global_step=162000, episodic_return=[6740.531]
global_step=163000, episodic_return=[6542.7617]
global_step=164000, episodic_return=[6874.8335]
global_step=165000, episodic_return=[6608.9595]
global_step=166000, episodic_return=[6715.108]
global_step=167000, episodic_return=[6660.7974]
global_step=168000, episodic_return=[6789.3223]
global_step=169000, episodic_return=[6851.4927]
global_step=170000, episodic_return=[7022.0796]
global_step=171000, episodic_return=[6896.7983]
global_step=172000, episodic_return=[6851.06]
global_step=173000, episodic_return=[7145.621]
global_step=174000, episodic_return=[6923.406]
global_step=175000, episodic_return=[7130.9146]
global_step=176000, episodic_return=[7012.6875]
global_step=177000, episodic_return=[6755.9355]
global_step=178000, episodic_return=[5406.7695]
global_step=179000, episodic_return=[6785.7744]
global_step=180000, episodic_return=[7015.1094]
global_step=181000, episodic_return=[6685.4746]
global_step=182000, episodic_return=[7080.137]
global_step=183000, episodic_return=[7057.5513]
global_step=184000, episodic_return=[6948.6216]
global_step=185000, episodic_return=[7282.9766]
global_step=186000, episodic_return=[7094.3906]
global_step=187000, episodic_return=[7144.612]
global_step=188000, episodic_return=[7147.783]
global_step=189000, episodic_return=[7207.954]
global_step=190000, episodic_return=[7184.758]
global_step=191000, episodic_return=[7149.519]
global_step=192000, episodic_return=[7293.6675]
global_step=193000, episodic_return=[7228.203]
global_step=194000, episodic_return=[7129.796]
global_step=195000, episodic_return=[7320.417]
global_step=196000, episodic_return=[6869.504]
global_step=197000, episodic_return=[7336.5386]
global_step=198000, episodic_return=[7265.1045]
global_step=199000, episodic_return=[7319.703]
global_step=200000, episodic_return=[7194.2266]
global_step=201000, episodic_return=[7132.219]
global_step=202000, episodic_return=[7562.475]
global_step=203000, episodic_return=[7211.264]
global_step=204000, episodic_return=[7124.3657]
global_step=205000, episodic_return=[7376.0938]
global_step=206000, episodic_return=[7461.966]
global_step=207000, episodic_return=[7211.9395]
global_step=208000, episodic_return=[7424.0117]
global_step=209000, episodic_return=[7550.364]
global_step=210000, episodic_return=[7232.235]
global_step=211000, episodic_return=[7604.832]
global_step=212000, episodic_return=[7409.346]
global_step=213000, episodic_return=[7401.351]
global_step=214000, episodic_return=[7501.1606]
global_step=215000, episodic_return=[7500.647]
global_step=216000, episodic_return=[7547.183]
global_step=217000, episodic_return=[7458.209]
global_step=218000, episodic_return=[7807.1953]
global_step=219000, episodic_return=[7626.426]
global_step=220000, episodic_return=[7648.0776]
global_step=221000, episodic_return=[7592.472]
global_step=222000, episodic_return=[7787.9863]
global_step=223000, episodic_return=[7926.17]
global_step=224000, episodic_return=[7534.433]
global_step=225000, episodic_return=[7942.05]
global_step=226000, episodic_return=[7321.4043]
global_step=227000, episodic_return=[7741.066]
global_step=228000, episodic_return=[7590.2266]
global_step=229000, episodic_return=[7575.211]
global_step=230000, episodic_return=[7566.116]
global_step=231000, episodic_return=[7775.9985]
global_step=232000, episodic_return=[7672.149]
global_step=233000, episodic_return=[7608.383]
global_step=234000, episodic_return=[7828.5693]
global_step=235000, episodic_return=[7652.7603]
global_step=236000, episodic_return=[7673.4907]
global_step=237000, episodic_return=[7548.2715]
global_step=238000, episodic_return=[7818.438]
global_step=239000, episodic_return=[7883.848]
global_step=240000, episodic_return=[8010.984]
global_step=241000, episodic_return=[7385.1963]
global_step=242000, episodic_return=[7771.477]
global_step=243000, episodic_return=[7788.1543]
global_step=244000, episodic_return=[7905.867]
global_step=245000, episodic_return=[7994.6562]
global_step=246000, episodic_return=[7689.714]
global_step=247000, episodic_return=[7918.97]
global_step=248000, episodic_return=[7635.5596]
global_step=249000, episodic_return=[7956.954]
global_step=250000, episodic_return=[8130.2114]
global_step=251000, episodic_return=[7766.0986]
global_step=252000, episodic_return=[7681.147]
global_step=253000, episodic_return=[7753.2905]
global_step=254000, episodic_return=[8029.987]
global_step=255000, episodic_return=[7994.1196]
global_step=256000, episodic_return=[7905.3804]
global_step=257000, episodic_return=[8068.743]
global_step=258000, episodic_return=[8014.356]
global_step=259000, episodic_return=[8092.446]
global_step=260000, episodic_return=[7262.081]
global_step=261000, episodic_return=[8007.7007]
global_step=262000, episodic_return=[8214.665]
global_step=263000, episodic_return=[8028.939]
global_step=264000, episodic_return=[7841.7207]
global_step=265000, episodic_return=[8320.036]
global_step=266000, episodic_return=[8054.306]
global_step=267000, episodic_return=[8176.204]
global_step=268000, episodic_return=[8147.751]
global_step=269000, episodic_return=[8051.853]
global_step=270000, episodic_return=[8366.838]
global_step=271000, episodic_return=[8490.645]
global_step=272000, episodic_return=[7858.0947]
global_step=273000, episodic_return=[8145.5796]
global_step=274000, episodic_return=[8293.223]
global_step=275000, episodic_return=[8035.883]
global_step=276000, episodic_return=[8296.382]
global_step=277000, episodic_return=[8583.76]
global_step=278000, episodic_return=[8398.356]
global_step=279000, episodic_return=[8214.636]
global_step=280000, episodic_return=[8223.252]
global_step=281000, episodic_return=[7965.9424]
global_step=282000, episodic_return=[8184.4497]
global_step=283000, episodic_return=[8387.872]
global_step=284000, episodic_return=[7844.268]
global_step=285000, episodic_return=[8287.147]
global_step=286000, episodic_return=[8105.545]
global_step=287000, episodic_return=[8397.871]
global_step=288000, episodic_return=[7933.0728]
global_step=289000, episodic_return=[8372.489]
global_step=290000, episodic_return=[8587.978]
global_step=291000, episodic_return=[8284.764]
global_step=292000, episodic_return=[8215.285]
global_step=293000, episodic_return=[8176.8774]
global_step=294000, episodic_return=[8481.169]
global_step=295000, episodic_return=[8154.439]
global_step=296000, episodic_return=[8401.758]
global_step=297000, episodic_return=[8653.892]
global_step=298000, episodic_return=[8292.173]
global_step=299000, episodic_return=[8580.429]
global_step=300000, episodic_return=[8642.609]
global_step=301000, episodic_return=[8485.09]
global_step=302000, episodic_return=[8395.632]
global_step=303000, episodic_return=[8611.325]
global_step=304000, episodic_return=[8338.932]
global_step=305000, episodic_return=[8515.236]
global_step=306000, episodic_return=[8445.838]
global_step=307000, episodic_return=[8540.934]
global_step=308000, episodic_return=[8854.394]
global_step=309000, episodic_return=[8838.84]
global_step=310000, episodic_return=[8620.905]
global_step=311000, episodic_return=[8278.896]
global_step=312000, episodic_return=[8673.613]
global_step=313000, episodic_return=[8325.831]
global_step=314000, episodic_return=[8574.259]
global_step=315000, episodic_return=[8681.499]
global_step=316000, episodic_return=[8668.4375]
global_step=317000, episodic_return=[8651.39]
global_step=318000, episodic_return=[8698.206]
global_step=319000, episodic_return=[8678.983]
global_step=320000, episodic_return=[8422.971]
global_step=321000, episodic_return=[8476.076]
global_step=322000, episodic_return=[8750.474]
global_step=323000, episodic_return=[8620.507]
global_step=324000, episodic_return=[8792.451]
global_step=325000, episodic_return=[8683.021]
global_step=326000, episodic_return=[5442.5264]
global_step=327000, episodic_return=[8754.624]
global_step=328000, episodic_return=[8867.405]
global_step=329000, episodic_return=[8882.447]
global_step=330000, episodic_return=[8696.305]
global_step=331000, episodic_return=[8867.232]
global_step=332000, episodic_return=[8892.034]
global_step=333000, episodic_return=[8667.046]
global_step=334000, episodic_return=[8918.674]
global_step=335000, episodic_return=[8724.004]
global_step=336000, episodic_return=[8733.314]
global_step=337000, episodic_return=[2698.9478]
global_step=338000, episodic_return=[8763.857]
global_step=339000, episodic_return=[8877.462]
global_step=340000, episodic_return=[8791.736]
global_step=341000, episodic_return=[8950.824]
global_step=342000, episodic_return=[8804.343]
global_step=343000, episodic_return=[9069.1875]
global_step=344000, episodic_return=[8895.283]
global_step=345000, episodic_return=[8904.757]
global_step=346000, episodic_return=[8995.07]
global_step=347000, episodic_return=[8950.681]
global_step=348000, episodic_return=[8780.486]
global_step=349000, episodic_return=[8862.264]
global_step=350000, episodic_return=[8801.446]
global_step=351000, episodic_return=[9058.188]
global_step=352000, episodic_return=[8762.933]
global_step=353000, episodic_return=[8712.42]
global_step=354000, episodic_return=[8886.8955]
global_step=355000, episodic_return=[9140.897]
global_step=356000, episodic_return=[8743.896]
global_step=357000, episodic_return=[8953.558]
global_step=358000, episodic_return=[8998.64]
global_step=359000, episodic_return=[9079.324]
global_step=360000, episodic_return=[4196.2676]
global_step=361000, episodic_return=[8678.58]
global_step=362000, episodic_return=[9174.871]
global_step=363000, episodic_return=[9087.807]
global_step=364000, episodic_return=[8998.092]
global_step=365000, episodic_return=[9110.887]
global_step=366000, episodic_return=[8755.179]
global_step=367000, episodic_return=[8805.945]
global_step=368000, episodic_return=[8690.681]
global_step=369000, episodic_return=[9287.75]
global_step=370000, episodic_return=[8626.974]
global_step=371000, episodic_return=[8850.042]
global_step=372000, episodic_return=[8902.745]
global_step=373000, episodic_return=[9360.343]
global_step=374000, episodic_return=[8939.74]
global_step=375000, episodic_return=[8752.031]
global_step=376000, episodic_return=[8960.96]
global_step=377000, episodic_return=[9073.742]
global_step=378000, episodic_return=[9120.92]
global_step=379000, episodic_return=[8901.22]
global_step=380000, episodic_return=[8805.279]
global_step=381000, episodic_return=[8780.952]
global_step=382000, episodic_return=[9324.435]
global_step=383000, episodic_return=[8880.002]
global_step=384000, episodic_return=[8951.618]
global_step=385000, episodic_return=[9214.755]
global_step=386000, episodic_return=[9053.186]
global_step=387000, episodic_return=[8968.525]
global_step=388000, episodic_return=[9188.846]
global_step=389000, episodic_return=[8761.918]
global_step=390000, episodic_return=[9079.458]
global_step=391000, episodic_return=[8568.189]
global_step=392000, episodic_return=[8803.589]
global_step=393000, episodic_return=[8718.088]
global_step=394000, episodic_return=[9294.297]
global_step=395000, episodic_return=[9270.534]
global_step=396000, episodic_return=[9028.639]
global_step=397000, episodic_return=[9245.365]
global_step=398000, episodic_return=[9244.015]
global_step=399000, episodic_return=[9042.066]
global_step=400000, episodic_return=[9121.216]
global_step=401000, episodic_return=[9076.05]
global_step=402000, episodic_return=[9195.889]
global_step=403000, episodic_return=[9271.563]
global_step=404000, episodic_return=[9325.044]
global_step=405000, episodic_return=[9231.332]
global_step=406000, episodic_return=[9150.256]
global_step=407000, episodic_return=[9177.522]
global_step=408000, episodic_return=[9236.792]
global_step=409000, episodic_return=[9201.684]
global_step=410000, episodic_return=[8921.151]
global_step=411000, episodic_return=[9327.993]
global_step=412000, episodic_return=[9347.172]
global_step=413000, episodic_return=[9412.582]
global_step=414000, episodic_return=[9423.271]
global_step=415000, episodic_return=[9371.304]
global_step=416000, episodic_return=[8957.498]
global_step=417000, episodic_return=[9403.226]
global_step=418000, episodic_return=[9471.106]
global_step=419000, episodic_return=[9414.1045]
global_step=420000, episodic_return=[9332.273]
global_step=421000, episodic_return=[9378.779]
global_step=422000, episodic_return=[9125.986]
global_step=423000, episodic_return=[9674.17]
global_step=424000, episodic_return=[9371.256]
global_step=425000, episodic_return=[9562.211]
global_step=426000, episodic_return=[8993.567]
global_step=427000, episodic_return=[9305.909]
global_step=428000, episodic_return=[9303.834]
global_step=429000, episodic_return=[9300.964]
global_step=430000, episodic_return=[9636.756]
global_step=431000, episodic_return=[8853.693]
global_step=432000, episodic_return=[9606.288]
global_step=433000, episodic_return=[9515.307]
global_step=434000, episodic_return=[9347.7705]
global_step=435000, episodic_return=[9774.721]
global_step=436000, episodic_return=[9569.575]
global_step=437000, episodic_return=[9231.444]
global_step=438000, episodic_return=[9357.765]
global_step=439000, episodic_return=[9649.41]
global_step=440000, episodic_return=[9002.321]
global_step=441000, episodic_return=[9147.085]
global_step=442000, episodic_return=[9541.542]
global_step=443000, episodic_return=[9110.07]
global_step=444000, episodic_return=[9554.864]
global_step=445000, episodic_return=[9703.294]
global_step=446000, episodic_return=[9633.89]
global_step=447000, episodic_return=[9157.324]
global_step=448000, episodic_return=[9695.007]
global_step=449000, episodic_return=[9352.228]
global_step=450000, episodic_return=[9491.644]
global_step=451000, episodic_return=[9304.532]
global_step=452000, episodic_return=[9404.966]
global_step=453000, episodic_return=[9141.569]
global_step=454000, episodic_return=[9726.391]
global_step=455000, episodic_return=[9219.925]
global_step=456000, episodic_return=[9672.468]
global_step=457000, episodic_return=[9508.844]
global_step=458000, episodic_return=[9456.996]
global_step=459000, episodic_return=[4593.1343]
global_step=460000, episodic_return=[9689.789]
global_step=461000, episodic_return=[9306.831]
global_step=462000, episodic_return=[9654.631]
global_step=463000, episodic_return=[9490.842]
global_step=464000, episodic_return=[9095.562]
global_step=465000, episodic_return=[9320.855]
global_step=466000, episodic_return=[9369.45]
global_step=467000, episodic_return=[9438.101]
global_step=468000, episodic_return=[9763.5205]
global_step=469000, episodic_return=[9637.915]
global_step=470000, episodic_return=[9834.89]
global_step=471000, episodic_return=[9472.665]
global_step=472000, episodic_return=[9629.766]
global_step=473000, episodic_return=[9462.7295]
global_step=474000, episodic_return=[9410.392]
global_step=475000, episodic_return=[9734.297]
global_step=476000, episodic_return=[9377.895]
global_step=477000, episodic_return=[9440.389]
global_step=478000, episodic_return=[4754.539]
global_step=479000, episodic_return=[9458.447]
global_step=480000, episodic_return=[9385.768]
global_step=481000, episodic_return=[9675.967]
global_step=482000, episodic_return=[9348.574]
global_step=483000, episodic_return=[9696.611]
global_step=484000, episodic_return=[9541.08]
global_step=485000, episodic_return=[9236.009]
global_step=486000, episodic_return=[9731.195]
global_step=487000, episodic_return=[9468.443]
global_step=488000, episodic_return=[9519.232]
global_step=489000, episodic_return=[9053.464]
global_step=490000, episodic_return=[10005.049]
global_step=491000, episodic_return=[9673.659]
global_step=492000, episodic_return=[9692.827]
global_step=493000, episodic_return=[9494.379]
global_step=494000, episodic_return=[9555.136]
global_step=495000, episodic_return=[9602.0205]
global_step=496000, episodic_return=[9627.834]
global_step=497000, episodic_return=[9077.108]
global_step=498000, episodic_return=[9544.214]
global_step=499000, episodic_return=[9757.895]
global_step=500000, episodic_return=[9367.526]
global_step=501000, episodic_return=[9504.886]
global_step=502000, episodic_return=[8901.562]
global_step=503000, episodic_return=[9468.919]
global_step=504000, episodic_return=[9764.026]
global_step=505000, episodic_return=[9838.529]
global_step=506000, episodic_return=[9627.883]
global_step=507000, episodic_return=[9971.337]
global_step=508000, episodic_return=[9168.862]
global_step=509000, episodic_return=[6155.043]
global_step=510000, episodic_return=[9825.442]
global_step=511000, episodic_return=[9559.578]
global_step=512000, episodic_return=[9535.282]
global_step=513000, episodic_return=[9161.07]
global_step=514000, episodic_return=[9005.535]
global_step=515000, episodic_return=[9794.965]
global_step=516000, episodic_return=[6022.6533]
global_step=517000, episodic_return=[9724.784]
global_step=518000, episodic_return=[9642.855]
global_step=519000, episodic_return=[9573.802]
global_step=520000, episodic_return=[9419.126]
global_step=521000, episodic_return=[9770.123]
global_step=522000, episodic_return=[9715.965]
global_step=523000, episodic_return=[9997.404]
global_step=524000, episodic_return=[9715.956]
global_step=525000, episodic_return=[9592.719]
global_step=526000, episodic_return=[9896.495]
global_step=527000, episodic_return=[9765.013]
global_step=528000, episodic_return=[9791.639]
global_step=529000, episodic_return=[9805.394]
global_step=530000, episodic_return=[9653.793]
global_step=531000, episodic_return=[9744.324]
global_step=532000, episodic_return=[9667.383]
global_step=533000, episodic_return=[9718.08]
global_step=534000, episodic_return=[9411.119]
global_step=535000, episodic_return=[9298.603]
global_step=536000, episodic_return=[9586.041]
global_step=537000, episodic_return=[9790.254]
global_step=538000, episodic_return=[9613.257]
global_step=539000, episodic_return=[9693.171]
global_step=540000, episodic_return=[9720.151]
global_step=541000, episodic_return=[9855.1455]
global_step=542000, episodic_return=[9447.445]
global_step=543000, episodic_return=[9917.598]
global_step=544000, episodic_return=[9870.121]
global_step=545000, episodic_return=[9786.419]
global_step=546000, episodic_return=[9786.687]
global_step=547000, episodic_return=[9386.014]
global_step=548000, episodic_return=[10107.738]
global_step=549000, episodic_return=[9457.351]
global_step=550000, episodic_return=[9851.075]
global_step=551000, episodic_return=[9828.017]
global_step=552000, episodic_return=[9595.059]
global_step=553000, episodic_return=[9488.402]
global_step=554000, episodic_return=[10231.395]
global_step=555000, episodic_return=[10025.895]
global_step=556000, episodic_return=[9919.527]
global_step=557000, episodic_return=[10066.916]
global_step=558000, episodic_return=[9674.36]
global_step=559000, episodic_return=[10319.904]
global_step=560000, episodic_return=[9876.217]
global_step=561000, episodic_return=[9801.329]
global_step=562000, episodic_return=[9972.218]
global_step=563000, episodic_return=[9851.36]
global_step=564000, episodic_return=[9651.729]
global_step=565000, episodic_return=[10004.852]
global_step=566000, episodic_return=[9675.3545]
global_step=567000, episodic_return=[10130.872]
global_step=568000, episodic_return=[9832.866]
global_step=569000, episodic_return=[9575.289]
global_step=570000, episodic_return=[9634.056]
global_step=571000, episodic_return=[10115.117]
global_step=572000, episodic_return=[9793.212]
global_step=573000, episodic_return=[9802.049]
global_step=574000, episodic_return=[9805.238]
global_step=575000, episodic_return=[9983.026]
global_step=576000, episodic_return=[10181.886]
global_step=577000, episodic_return=[10107.236]
global_step=578000, episodic_return=[9888.255]
global_step=579000, episodic_return=[10002.779]
global_step=580000, episodic_return=[9935.319]
global_step=581000, episodic_return=[9923.65]
global_step=582000, episodic_return=[9543.031]
global_step=583000, episodic_return=[9597.243]
global_step=584000, episodic_return=[9576.538]
global_step=585000, episodic_return=[10081.26]
global_step=586000, episodic_return=[9968.483]
global_step=587000, episodic_return=[9735.565]
global_step=588000, episodic_return=[10165.509]
global_step=589000, episodic_return=[10153.014]
global_step=590000, episodic_return=[10314.906]
global_step=591000, episodic_return=[10046.12]
global_step=592000, episodic_return=[10294.58]
global_step=593000, episodic_return=[10157.076]
global_step=594000, episodic_return=[9965.93]
global_step=595000, episodic_return=[10048.357]
global_step=596000, episodic_return=[10159.408]
global_step=597000, episodic_return=[10158.202]
global_step=598000, episodic_return=[9576.215]
global_step=599000, episodic_return=[9582.961]
global_step=600000, episodic_return=[10039.481]
global_step=601000, episodic_return=[10045.604]
global_step=602000, episodic_return=[10126.139]
global_step=603000, episodic_return=[9905.54]
global_step=604000, episodic_return=[9881.702]
global_step=605000, episodic_return=[9465.67]
global_step=606000, episodic_return=[10234.894]
global_step=607000, episodic_return=[10015.719]
global_step=608000, episodic_return=[9818.711]
global_step=609000, episodic_return=[9815.663]
global_step=610000, episodic_return=[10026.702]
global_step=611000, episodic_return=[9846.737]
global_step=612000, episodic_return=[10002.01]
global_step=613000, episodic_return=[10099.782]
global_step=614000, episodic_return=[10217.164]
global_step=615000, episodic_return=[9780.368]
global_step=616000, episodic_return=[10217.156]
global_step=617000, episodic_return=[9824.846]
global_step=618000, episodic_return=[9805.934]
global_step=619000, episodic_return=[9956.308]
global_step=620000, episodic_return=[10458.708]
global_step=621000, episodic_return=[10133.671]
global_step=622000, episodic_return=[10033.734]
global_step=623000, episodic_return=[5107.39]
global_step=624000, episodic_return=[10274.493]
global_step=625000, episodic_return=[10199.9375]
global_step=626000, episodic_return=[10120.044]
global_step=627000, episodic_return=[10060.481]
global_step=628000, episodic_return=[10284.211]
global_step=629000, episodic_return=[10128.341]
global_step=630000, episodic_return=[10064.956]
global_step=631000, episodic_return=[8541.98]
global_step=632000, episodic_return=[10175.04]
global_step=633000, episodic_return=[9757.512]
global_step=634000, episodic_return=[9422.723]
global_step=635000, episodic_return=[1825.0361]
global_step=636000, episodic_return=[10101.324]
global_step=637000, episodic_return=[10075.334]
global_step=638000, episodic_return=[10540.17]
global_step=639000, episodic_return=[10178.908]
global_step=640000, episodic_return=[10156.273]
global_step=641000, episodic_return=[10277.592]
global_step=642000, episodic_return=[10389.191]
global_step=643000, episodic_return=[10094.981]
global_step=644000, episodic_return=[2524.6943]
global_step=645000, episodic_return=[10315.577]
global_step=646000, episodic_return=[10227.077]
global_step=647000, episodic_return=[10578.443]
global_step=648000, episodic_return=[10126.548]
global_step=649000, episodic_return=[10019.179]
global_step=650000, episodic_return=[8163.6143]
global_step=651000, episodic_return=[10077.059]
global_step=652000, episodic_return=[10215.822]
global_step=653000, episodic_return=[10277.326]
global_step=654000, episodic_return=[5467.66]
global_step=655000, episodic_return=[10220.035]
global_step=656000, episodic_return=[9918.953]
global_step=657000, episodic_return=[10200.521]
global_step=658000, episodic_return=[10210.711]
global_step=659000, episodic_return=[10264.842]
global_step=660000, episodic_return=[10299.047]
global_step=661000, episodic_return=[10357.887]
global_step=662000, episodic_return=[896.4045]
global_step=663000, episodic_return=[10521.224]
global_step=664000, episodic_return=[5257.417]
global_step=665000, episodic_return=[9975.883]
global_step=666000, episodic_return=[10265.248]
global_step=667000, episodic_return=[10013.3125]
global_step=668000, episodic_return=[10447.981]
global_step=669000, episodic_return=[10196.726]
global_step=670000, episodic_return=[9760.712]
global_step=671000, episodic_return=[10164.761]
global_step=672000, episodic_return=[10343.812]
global_step=673000, episodic_return=[10277.286]
global_step=674000, episodic_return=[10327.334]
global_step=675000, episodic_return=[10336.563]
global_step=676000, episodic_return=[10460.988]
global_step=677000, episodic_return=[10397.279]
global_step=678000, episodic_return=[10318.007]
global_step=679000, episodic_return=[10545.264]
global_step=680000, episodic_return=[9760.614]
global_step=681000, episodic_return=[10252.757]
global_step=682000, episodic_return=[10063.836]
global_step=683000, episodic_return=[10376.925]
global_step=684000, episodic_return=[10144.665]
global_step=685000, episodic_return=[10453.923]
global_step=686000, episodic_return=[10280.502]
global_step=687000, episodic_return=[10463.666]
global_step=688000, episodic_return=[10114.408]
global_step=689000, episodic_return=[10336.778]
global_step=690000, episodic_return=[10137.709]
global_step=691000, episodic_return=[3808.0386]
global_step=692000, episodic_return=[10403.777]
global_step=693000, episodic_return=[10138.468]
global_step=694000, episodic_return=[10114.062]
global_step=695000, episodic_return=[10192.656]
global_step=696000, episodic_return=[10536.059]
global_step=697000, episodic_return=[10530.059]
global_step=698000, episodic_return=[10088.81]
global_step=699000, episodic_return=[10280.885]
global_step=700000, episodic_return=[10545.65]
global_step=701000, episodic_return=[9971.685]
global_step=702000, episodic_return=[10190.631]
global_step=703000, episodic_return=[10478.106]
global_step=704000, episodic_return=[10593.206]
global_step=705000, episodic_return=[10418.207]
global_step=706000, episodic_return=[10592.803]
global_step=707000, episodic_return=[10416.649]
global_step=708000, episodic_return=[8382.803]
global_step=709000, episodic_return=[9279.768]
global_step=710000, episodic_return=[10094.592]
global_step=711000, episodic_return=[10028.592]
global_step=712000, episodic_return=[10202.093]
global_step=713000, episodic_return=[10489.279]
global_step=714000, episodic_return=[10008.956]
global_step=715000, episodic_return=[10205.121]
global_step=716000, episodic_return=[10615.031]
global_step=717000, episodic_return=[9562.687]
global_step=718000, episodic_return=[9908.639]
global_step=719000, episodic_return=[9951.258]
global_step=720000, episodic_return=[10338.137]
global_step=721000, episodic_return=[10181.453]
global_step=722000, episodic_return=[9442.998]
global_step=723000, episodic_return=[10131.22]
global_step=724000, episodic_return=[10179.253]
global_step=725000, episodic_return=[10292.231]
global_step=726000, episodic_return=[10511.804]
global_step=727000, episodic_return=[10407.16]
global_step=728000, episodic_return=[10587.135]
global_step=729000, episodic_return=[10386.602]
global_step=730000, episodic_return=[10470.8]
global_step=731000, episodic_return=[10569.967]
global_step=732000, episodic_return=[10447.711]
global_step=733000, episodic_return=[10445.669]
global_step=734000, episodic_return=[9988.551]
global_step=735000, episodic_return=[10579.815]
global_step=736000, episodic_return=[10200.089]
global_step=737000, episodic_return=[10302.906]
global_step=738000, episodic_return=[10709.979]
global_step=739000, episodic_return=[9956.949]
global_step=740000, episodic_return=[10536.547]
global_step=741000, episodic_return=[10196.276]
global_step=742000, episodic_return=[10494.261]
global_step=743000, episodic_return=[10552.14]
global_step=744000, episodic_return=[9903.827]
global_step=745000, episodic_return=[10453.242]
global_step=746000, episodic_return=[10075.135]
global_step=747000, episodic_return=[10341.442]
global_step=748000, episodic_return=[10430.798]
global_step=749000, episodic_return=[10685.831]
global_step=750000, episodic_return=[10479.222]
global_step=751000, episodic_return=[10535.802]
global_step=752000, episodic_return=[10919.544]
global_step=753000, episodic_return=[10743.102]
global_step=754000, episodic_return=[10284.497]
global_step=755000, episodic_return=[10671.82]
global_step=756000, episodic_return=[10452.627]
global_step=757000, episodic_return=[6571.7583]
global_step=758000, episodic_return=[10388.882]
global_step=759000, episodic_return=[10587.803]
global_step=760000, episodic_return=[10584.639]
global_step=761000, episodic_return=[10451.586]
global_step=762000, episodic_return=[10307.791]
global_step=763000, episodic_return=[10569.677]
global_step=764000, episodic_return=[10692.25]
global_step=765000, episodic_return=[10732.274]
global_step=766000, episodic_return=[10652.015]
global_step=767000, episodic_return=[10531.441]
global_step=768000, episodic_return=[10043.976]
global_step=769000, episodic_return=[9769.684]
global_step=770000, episodic_return=[10840.707]
global_step=771000, episodic_return=[10652.725]
global_step=772000, episodic_return=[10414.522]
global_step=773000, episodic_return=[10499.502]
global_step=774000, episodic_return=[10376.541]
global_step=775000, episodic_return=[10431.07]
global_step=776000, episodic_return=[10445.796]
global_step=777000, episodic_return=[10869.608]
global_step=778000, episodic_return=[10935.819]
global_step=779000, episodic_return=[10307.802]
global_step=780000, episodic_return=[10136.523]
global_step=781000, episodic_return=[10536.913]
global_step=782000, episodic_return=[10350.125]
global_step=783000, episodic_return=[10715.226]
global_step=784000, episodic_return=[10957.362]
global_step=785000, episodic_return=[10694.335]
global_step=786000, episodic_return=[10659.437]
global_step=787000, episodic_return=[10867.118]
global_step=788000, episodic_return=[10645.546]
global_step=789000, episodic_return=[10715.231]
global_step=790000, episodic_return=[10231.947]
global_step=791000, episodic_return=[10542.461]
global_step=792000, episodic_return=[10515.941]
global_step=793000, episodic_return=[10722.]
global_step=794000, episodic_return=[10699.458]
global_step=795000, episodic_return=[10659.355]
global_step=796000, episodic_return=[10369.578]
global_step=797000, episodic_return=[10558.262]
global_step=798000, episodic_return=[10568.844]
global_step=799000, episodic_return=[10554.071]
global_step=800000, episodic_return=[10705.1045]
global_step=801000, episodic_return=[10788.396]
global_step=802000, episodic_return=[10254.332]
global_step=803000, episodic_return=[10646.402]
global_step=804000, episodic_return=[10097.502]
global_step=805000, episodic_return=[10823.247]
global_step=806000, episodic_return=[10528.898]
global_step=807000, episodic_return=[10653.9375]
global_step=808000, episodic_return=[10230.3955]
global_step=809000, episodic_return=[10632.915]
global_step=810000, episodic_return=[10669.646]
global_step=811000, episodic_return=[9974.875]
global_step=812000, episodic_return=[10653.053]
global_step=813000, episodic_return=[10803.32]
global_step=814000, episodic_return=[10500.038]
global_step=815000, episodic_return=[10691.723]
global_step=816000, episodic_return=[10660.163]
global_step=817000, episodic_return=[10310.84]
global_step=818000, episodic_return=[10601.922]
global_step=819000, episodic_return=[10803.139]
global_step=820000, episodic_return=[10792.753]
global_step=821000, episodic_return=[10199.027]
global_step=822000, episodic_return=[10464.396]
global_step=823000, episodic_return=[10836.576]
global_step=824000, episodic_return=[10603.368]
global_step=825000, episodic_return=[10560.815]
global_step=826000, episodic_return=[10851.133]
global_step=827000, episodic_return=[10684.231]
global_step=828000, episodic_return=[10710.519]
global_step=829000, episodic_return=[10942.238]
global_step=830000, episodic_return=[10512.982]
global_step=831000, episodic_return=[10335.521]
global_step=832000, episodic_return=[10715.073]
global_step=833000, episodic_return=[10630.954]
global_step=834000, episodic_return=[10971.992]
global_step=835000, episodic_return=[10526.676]
global_step=836000, episodic_return=[11067.078]
global_step=837000, episodic_return=[11027.577]
global_step=838000, episodic_return=[10893.993]
global_step=839000, episodic_return=[10356.161]
global_step=840000, episodic_return=[10176.069]
global_step=841000, episodic_return=[10825.705]
global_step=842000, episodic_return=[11014.294]
global_step=843000, episodic_return=[10536.648]
global_step=844000, episodic_return=[11006.711]
global_step=845000, episodic_return=[10879.054]
global_step=846000, episodic_return=[10488.763]
global_step=847000, episodic_return=[10451.558]
global_step=848000, episodic_return=[10887.854]
global_step=849000, episodic_return=[10445.243]
global_step=850000, episodic_return=[10663.852]
global_step=851000, episodic_return=[10561.232]
global_step=852000, episodic_return=[10519.812]
global_step=853000, episodic_return=[10336.172]
global_step=854000, episodic_return=[10906.747]
global_step=855000, episodic_return=[10293.512]
global_step=856000, episodic_return=[10857.636]
global_step=857000, episodic_return=[10637.926]
global_step=858000, episodic_return=[10764.01]
global_step=859000, episodic_return=[10700.33]
global_step=860000, episodic_return=[10609.099]
global_step=861000, episodic_return=[10505.177]
global_step=862000, episodic_return=[10751.61]
global_step=863000, episodic_return=[10852.467]
global_step=864000, episodic_return=[10777.162]
global_step=865000, episodic_return=[10756.775]
global_step=866000, episodic_return=[10925.007]
global_step=867000, episodic_return=[10391.333]
global_step=868000, episodic_return=[10574.744]
global_step=869000, episodic_return=[10876.75]
global_step=870000, episodic_return=[10851.889]
global_step=871000, episodic_return=[10594.6]
global_step=872000, episodic_return=[10405.366]
global_step=873000, episodic_return=[10669.71]
global_step=874000, episodic_return=[10889.537]
global_step=875000, episodic_return=[10791.014]
global_step=876000, episodic_return=[10834.396]
global_step=877000, episodic_return=[10475.333]
global_step=878000, episodic_return=[10652.092]
global_step=879000, episodic_return=[11173.472]
global_step=880000, episodic_return=[10858.401]
global_step=881000, episodic_return=[10560.184]
global_step=882000, episodic_return=[11019.994]
global_step=883000, episodic_return=[10759.208]
global_step=884000, episodic_return=[10326.756]
global_step=885000, episodic_return=[3034.7917]
global_step=886000, episodic_return=[10848.39]
global_step=887000, episodic_return=[10272.277]
global_step=888000, episodic_return=[10407.572]
global_step=889000, episodic_return=[11086.381]
global_step=890000, episodic_return=[10873.709]
global_step=891000, episodic_return=[10936.858]
global_step=892000, episodic_return=[10679.164]
global_step=893000, episodic_return=[10630.889]
global_step=894000, episodic_return=[10596.519]
global_step=895000, episodic_return=[10983.942]
global_step=896000, episodic_return=[10837.085]
global_step=897000, episodic_return=[10787.883]
global_step=898000, episodic_return=[10741.629]
global_step=899000, episodic_return=[10703.24]
global_step=900000, episodic_return=[10750.872]
global_step=901000, episodic_return=[10889.041]
global_step=902000, episodic_return=[10776.569]
global_step=903000, episodic_return=[10574.431]
global_step=904000, episodic_return=[10550.2]
global_step=905000, episodic_return=[10739.163]
global_step=906000, episodic_return=[10322.233]
global_step=907000, episodic_return=[10597.755]
global_step=908000, episodic_return=[10776.802]
global_step=909000, episodic_return=[10595.706]
global_step=910000, episodic_return=[10771.37]
global_step=911000, episodic_return=[10566.597]
global_step=912000, episodic_return=[10867.716]
global_step=913000, episodic_return=[10648.231]
global_step=914000, episodic_return=[9733.412]
global_step=915000, episodic_return=[10857.446]
global_step=916000, episodic_return=[10142.467]
global_step=917000, episodic_return=[10743.696]
global_step=918000, episodic_return=[10622.437]
global_step=919000, episodic_return=[10788.673]
global_step=920000, episodic_return=[10721.686]
global_step=921000, episodic_return=[10860.299]
global_step=922000, episodic_return=[10441.159]
global_step=923000, episodic_return=[10940.417]
global_step=924000, episodic_return=[10618.32]
global_step=925000, episodic_return=[11073.867]
global_step=926000, episodic_return=[10923.842]
global_step=927000, episodic_return=[10757.201]
global_step=928000, episodic_return=[10605.364]
global_step=929000, episodic_return=[10671.098]
global_step=930000, episodic_return=[10754.233]
global_step=931000, episodic_return=[10818.732]
global_step=932000, episodic_return=[10683.528]
global_step=933000, episodic_return=[11099.791]
global_step=934000, episodic_return=[10257.36]
global_step=935000, episodic_return=[10703.183]
global_step=936000, episodic_return=[10911.584]
global_step=937000, episodic_return=[10521.259]
global_step=938000, episodic_return=[10943.944]
global_step=939000, episodic_return=[10975.906]
global_step=940000, episodic_return=[10892.647]
global_step=941000, episodic_return=[11208.546]
global_step=942000, episodic_return=[10586.88]
global_step=943000, episodic_return=[10813.931]
global_step=944000, episodic_return=[11177.227]
global_step=945000, episodic_return=[10854.198]
global_step=946000, episodic_return=[10763.998]
global_step=947000, episodic_return=[10755.785]
global_step=948000, episodic_return=[10555.475]
global_step=949000, episodic_return=[10250.692]
global_step=950000, episodic_return=[10792.603]
global_step=951000, episodic_return=[10766.208]
global_step=952000, episodic_return=[11066.473]
global_step=953000, episodic_return=[9820.254]
global_step=954000, episodic_return=[10877.841]
global_step=955000, episodic_return=[10404.862]
global_step=956000, episodic_return=[10771.496]
global_step=957000, episodic_return=[10875.086]
global_step=958000, episodic_return=[10723.193]
global_step=959000, episodic_return=[10807.217]
global_step=960000, episodic_return=[10920.031]
global_step=961000, episodic_return=[11040.408]
global_step=962000, episodic_return=[11003.3125]
global_step=963000, episodic_return=[10801.649]
global_step=964000, episodic_return=[10721.006]
global_step=965000, episodic_return=[11019.837]
global_step=966000, episodic_return=[10643.475]
global_step=967000, episodic_return=[10783.68]
global_step=968000, episodic_return=[10572.819]
global_step=969000, episodic_return=[10377.24]
global_step=970000, episodic_return=[11147.86]
global_step=971000, episodic_return=[11034.694]
global_step=972000, episodic_return=[10917.482]
global_step=973000, episodic_return=[10884.317]
global_step=974000, episodic_return=[10783.562]
global_step=975000, episodic_return=[11029.378]
global_step=976000, episodic_return=[11051.548]
global_step=977000, episodic_return=[10885.065]
global_step=978000, episodic_return=[10627.669]
global_step=979000, episodic_return=[10907.202]
global_step=980000, episodic_return=[11175.515]
global_step=981000, episodic_return=[10519.274]
global_step=982000, episodic_return=[10701.275]
global_step=983000, episodic_return=[10528.85]
global_step=984000, episodic_return=[10916.556]
global_step=985000, episodic_return=[10702.615]
global_step=986000, episodic_return=[10489.992]
global_step=987000, episodic_return=[10871.596]
global_step=988000, episodic_return=[10721.336]
global_step=989000, episodic_return=[11085.295]
global_step=990000, episodic_return=[10325.002]
global_step=991000, episodic_return=[11027.316]
global_step=992000, episodic_return=[10679.198]
global_step=993000, episodic_return=[10725.216]
global_step=994000, episodic_return=[10765.869]
global_step=995000, episodic_return=[11108.212]
global_step=996000, episodic_return=[10876.53]
global_step=997000, episodic_return=[10725.872]
global_step=998000, episodic_return=[10899.677]
global_step=999000, episodic_return=[10613.541]
global_step=1000000, episodic_return=[10863.184]
global_step=1001000, episodic_return=[10792.258]
