Could not find platform independent libraries <prefix>
Consider setting $PYTHONHOME to <prefix>[:<exec_prefix>]
Python path configuration:
  PYTHONHOME = (not set)
  PYTHONPATH = (not set)
  program name = '/scratch.global/radke149/dicl/bin/python'
  isolated = 0
  environment = 1
  user site = 1
  import site = 1
  sys._base_executable = '/scratch.global/radke149/dicl/bin/python'
  sys.base_prefix = '/scratch.global/radke149/dicl'
  sys.base_exec_prefix = '/scratch.global/radke149/dicl'
  sys.platlibdir = 'lib'
  sys.executable = '/scratch.global/radke149/dicl/bin/python'
  sys.prefix = '/scratch.global/radke149/dicl'
  sys.exec_prefix = '/scratch.global/radke149/dicl'
  sys.path = [
    '/scratch.global/radke149/dicl/lib/python39.zip',
    '/scratch.global/radke149/dicl/lib/python3.9',
    '/scratch.global/radke149/dicl/lib/python3.9/lib-dynload',
  ]
Fatal Python error: init_fs_encoding: failed to get the Python codec of the filesystem encoding
Python runtime state: core initialized
LookupError: no codec search functions registered: can't find encoding

Current thread 0x00007f99257a2140 (most recent call first):
<no Python frame>
