nohup: ignoring input
/scratch.global/radke149/dicl-ksrl-py11/lib/python3.11/site-packages/tensorboard/default.py:30: UserWarning: pkg_resources is deprecated as an API. See https://setuptools.pypa.io/en/latest/pkg_resources.html. The pkg_resources package is slated for removal as early as 2025-11-30. Refrain from using this package or pin to Setuptools<81.
  import pkg_resources
2025-09-20 17:05:12.048855: E external/local_xla/xla/stream_executor/cuda/cuda_fft.cc:467] Unable to register cuFFT factory: Attempting to register factory for plugin cuFFT when one has already been registered
WARNING: All log messages before absl::InitializeLog() is called are written to STDERR
E0000 00:00:1758405912.063685 3733816 cuda_dnn.cc:8579] Unable to register cuDNN factory: Attempting to register factory for plugin cuDNN when one has already been registered
E0000 00:00:1758405912.068240 3733816 cuda_blas.cc:1407] Unable to register cuBLAS factory: Attempting to register factory for plugin cuBLAS when one has already been registered
W0000 00:00:1758405912.082338 3733816 computation_placer.cc:177] computation placer already registered. Please check linkage and avoid linking the same target more than once.
W0000 00:00:1758405912.082356 3733816 computation_placer.cc:177] computation placer already registered. Please check linkage and avoid linking the same target more than once.
W0000 00:00:1758405912.082360 3733816 computation_placer.cc:177] computation placer already registered. Please check linkage and avoid linking the same target more than once.
W0000 00:00:1758405912.082363 3733816 computation_placer.cc:177] computation placer already registered. Please check linkage and avoid linking the same target more than once.
2025-09-20 17:05:12.086039: I tensorflow/core/platform/cpu_feature_guard.cc:210] This TensorFlow binary is optimized to use available CPU instructions in performance-critical operations.
To enable the following instructions: AVX2 FMA, in other operations, rebuild TensorFlow with the appropriate compiler flags.
2025-09-20 17:05:16.387357: E external/local_xla/xla/stream_executor/cuda/cuda_platform.cc:51] failed call to cuInit: INTERNAL: CUDA error: Failed call to cuInit: UNKNOWN ERROR (303)
E0920 17:05:17.014963 140193413845312 program.py:300] TensorBoard coW0920 21:22:58.214116 139996808591104 plugin_event_multiplexer.py:267] Deleting accumulator 'Pendulum__test_5p_vicl_o__14719__1757805990'
W0920 21:22:58.215039 139996808591104 plugin_event_multiplexer.py:267] Deleting accumulator 'Pendulum__test_5p_vicl_o__16709__1757746803'
W0920 21:22:58.215091 139996808591104 plugin_event_multiplexer.py:267] Deleting accumulator 'HalfCheetah__test_5p_vicl__13444__1757662593'
W0920 21:22:58.215126 139996808591104 plugin_event_multiplexer.py:267] Deleting accumulator 'Pendulum__test_5p_vicl_o__16275__1757800926'
W0920 21:22:58.215158 139996808591104 plugin_event_multiplexer.py:267] Deleting accumulator 'Pendulum__test_5p_dicl_s_clean_baseline_19_sep_pendulum_bnn_model_initialized_with_NO_sampling_with_adding_data_and_generating_latent_z_and_training_and_updating_bays_reg_ksd__25453__1758352611'
W0920 21:22:58.215190 139996808591104 plugin_event_multiplexer.py:267] Deleting accumulator 'Pendulum__test_5p_vicl_o__29710__1758262206'
W0920 21:22:58.215220 139996808591104 plugin_event_multiplexer.py:267] Deleting accumulator 'Pendulum__test_5p_vicl_o__11933__1757835568'
W0920 21:22:58.215256 139996808591104 plugin_event_multiplexer.py:267] Deleting accumulator 'HalfCheetah__test_5p_vicl__7053__1757651146'
W0920 21:22:58.215304 139996808591104 plugin_event_multiplexer.py:267] Deleting accumulator 'Pendulum__test_5p_vicl_o__10535__1757828371'
W0920 21:22:58.215331 139996808591104 plugin_event_multiplexer.py:267] Deleting accumulator 'Pendulum__test_5p_vicl_o__22740__1757804736'
W0920 21:22:58.215354 139996808591104 plugin_event_multiplexer.py:267] Deleting accumulator 'Pendulum__test_5p_vicl_o__12076__1757806378'
W0920 21:22:58.215377 139996808591104 plugin_event_multiplexer.py:267] Deleting accumulator 'HalfCheetah__test_5p_vicl__2592__1757631706'
W0920 21:22:58.215402 139996808591104 plugin_event_multiplexer.py:267] Deleting accumulator 'Pendulum__test_5p_vicl_o__23992__1758238135'
W0920 21:22:58.215425 139996808591104 plugin_event_multiplexer.py:267] Deleting accumulator 'Pendulum__test_5p_vicl_o__2062__1757969188'
W0920 21:22:58.215447 139996808591104 plugin_event_multiplexer.py:267] Deleting accumulator 'Pendulum__test_5p_vicl_o__20126__1757746002'
W0920 21:22:58.215467 139996808591104 plugin_event_multiplexer.py:267] Deleting accumulator 'Pendulum__test_5p_dicl_s_clean_baseline_19_sep_pendulum__15777__1758335391'
W0920 21:22:58.215488 139996808591104 plugin_event_multiplexer.py:267] Deleting accumulator 'Pendulum__test_5p_vicl_o__28245__1757830715'
W0920 21:22:58.215510 139996808591104 plugin_event_multiplexer.py:267] Deleting accumulator 'HalfCheetah__test_5p_vicl__1774__1758263517'
W0920 21:22:58.215531 139996808591104 plugin_event_multiplexer.py:267] Deleting accumulator 'Pendulum__test_5p_vicl_o__19045__1757797735'
W0920 21:22:58.215553 139996808591104 plugin_event_multiplexer.py:267] Deleting accumulator 'Pendulum__test_5p_vicl_o__6190__1757749236'
W0920 21:22:58.215573 139996808591104 plugin_event_multiplexer.py:267] Deleting accumulator 'Pendulum__test_5p_vicl_o__21669__1757915942'
W0920 21:22:58.215594 139996808591104 plugin_event_multiplexer.py:267] Deleting accumulator 'HalfCheetah__test_5p_dicl_s_clean_baseline_19_sep__17668__1758334677'
W0920 21:22:58.215615 139996808591104 plugin_event_multiplexer.py:267] Deleting accumulator 'Pendulum__test_5p_vicl_18_00_19_sep_2025__30223__1758323435'
W0920 21:22:58.215637 139996808591104 plugin_event_multiplexer.py:267] Deleting accumulator 'HalfCheetah__test_5p_vicl__7280__1757651354'
W0920 21:22:58.215659 139996808591104 plugin_event_multiplexer.py:267] Deleting accumulator 'Pendulum__test_5p_vicl_o__13329__1757969027'
W0920 21:22:58.215679 139996808591104 plugin_event_multiplexer.py:267] Deleting accumulator 'Pendulum__test_5p_vicl_o__13015__1757828167'
W0920 21:22:58.215699 139996808591104 plugin_event_multiplexer.py:267] Deleting accumulator 'Pendulum__test_5p_vicl_o__17132__1757801875'
W0920 21:22:58.215720 139996808591104 plugin_event_multiplexer.py:267] Deleting accumulator 'Pendulum__test_5p_vicl_o__17212__1757802301'
W0920 21:22:58.215741 139996808591104 plugin_event_multiplexer.py:267] Deleting accumulator 'Pendulum__test_5p_vicl_o__14183__1757747992'
W0920 21:22:58.215761 139996808591104 plugin_event_multiplexer.py:267] Deleting accumulator 'Pendulum__test_5p_dicl_s_clean_baseline_19_sep_pendulum_bnn_model_initialized_with_sampling_with_adding_data__13700__1758348629'
W0920 21:22:58.215783 139996808591104 plugin_event_multiplexer.py:267] Deleting accumulator 'Pendulum__test_5p_vicl_o__22445__1757800808'
W0920 21:22:58.215803 139996808591104 plugin_event_multiplexer.py:267] Deleting accumulator 'Pendulum__test_5p_vicl_18_00_19_sep_2025__5428__1758322941'
W0920 21:22:58.215823 139996808591104 plugin_event_multiplexer.py:267] Deleting accumulator 'Pendulum__test_5p_dicl_s_clean_baseline_19_sep_pendulum_bnn_model_initialized_with_sampling__29110__1758345188'
W0920 21:22:58.215844 139996808591104 plugin_event_multiplexer.py:267] Deleting accumulator 'HalfCheetah__test_5p_vicl__19237__1757662027'
W0920 21:22:58.215866 139996808591104 plugin_event_multiplexer.py:267] Deleting accumulator 'Pendulum__test_5p_vicl_o__10478__1757749799'
W0920 21:22:58.215887 139996808591104 plugin_event_multiplexer.py:267] Deleting accumulator 'Pendulum__test_5p_vicl_o__21805__1758229095'
W0920 21:22:58.215908 139996808591104 plugin_event_multiplexer.py:267] Deleting accumulator 'Pendulum__test_5p_vicl_o__2383__1757919723'
W0920 21:22:58.215934 139996808591104 plugin_event_multiplexer.py:267] Deleting accumulator 'Pendulum__test_5p_vicl_o__3350__1757751329'
W0920 21:22:58.215955 139996808591104 plugin_event_multiplexer.py:267] Deleting accumulator 'Pendulum__test_5p_vicl_o__2303__1758237617'
W0920 21:22:58.215975 139996808591104 plugin_event_multiplexer.py:267] Deleting accumulator 'Pendulum__test_5p_vicl_o__23459__1757746569'
W0920 21:22:58.216001 139996808591104 plugin_event_multiplexer.py:267] Deleting accumulator 'Pendulum__test_5p_vicl_o__23596__1757805094'
W0920 21:22:58.216022 139996808591104 plugin_event_multiplexer.py:267] Deleting accumulator 'Pendulum__test_5p_vicl_o__27573__1757746491'
W0920 21:22:58.216042 139996808591104 plugin_event_multiplexer.py:267] Deleting accumulator 'HalfCheetah__neue_anfang__15387__1757626238'
W0920 21:22:58.216061 139996808591104 plugin_event_multiplexer.py:267] Deleting accumulator 'HalfCheetah-v4__test_5p_dicl_s_pca_cl300__seed_42_shuffled__42__1746516990'
W0920 21:22:58.216081 139996808591104 plugin_event_multiplexer.py:267] Deleting accumulator 'Pendulum__test_5p_vicl_o__19668__1757750511'
W0920 21:22:58.216101 139996808591104 plugin_event_multiplexer.py:267] Deleting accumulator 'HalfCheetah__neue_anfang__12861__1757583309'
W0920 21:22:58.216121 139996808591104 plugin_event_multiplexer.py:267] Deleting accumulator 'Pendulum__test_5p_dicl_s_clean_baseline_19_sep_pendulum_bnn_model_initialized_with_NO_sampling_with_adding_data__and_training__25995__1758350514'
W0920 21:22:58.216141 139996808591104 plugin_event_multiplexer.py:267] Deleting accumulator 'Pendulum__test_5p_vicl_o__10585__1757749949'
W0920 21:22:58.216163 139996808591104 plugin_event_multiplexer.py:267] Deleting accumulator 'HalfCheetah__test_5p_vicl__24883__1758333806'
W0920 21:22:58.216183 139996808591104 plugin_event_multiplexer.py:267] Deleting accumulator 'Pendulum__test_5p_vicl_o__27535__1757806155'
W0920 21:22:58.216203 139996808591104 plugin_event_multiplexer.py:267] Deleting accumulator 'HalfCheetah__neue_anfang__19681__1757630044'
W0920 21:22:58.216223 139996808591104 plugin_event_multiplexer.py:267] Deleting accumulator 'Pendulum__test_5p_vicl_o__4226__1757750778'
W0920 21:22:58.216243 139996808591104 plugin_event_multiplexer.py:267] Deleting accumulator 'Pendulum__test_5p_vicl_o__310__1757750700'
W0920 21:22:58.216263 139996808591104 plugin_event_multiplexer.py:267] Deleting accumulator 'Pendulum__test_5p_vicl_18_00_19_sep_2025__12815__1758322712'
W0920 21:22:58.216283 139996808591104 plugin_event_multiplexer.py:267] Deleting accumulator 'Pendulum__test_5p_vicl_o__15791__1757831538'
W0920 21:22:58.216303 139996808591104 plugin_event_multiplexer.py:267] Deleting accumulator 'HalfCheetah__neue_anfang__18023__1757627050'
W0920 21:22:58.216323 139996808591104 plugin_event_multiplexer.py:267] Deleting accumulator 'HalfCheetah__test_5p_vicl__18967__1757661723'
W0920 21:22:58.216343 139996808591104 plugin_event_multiplexer.py:267] Deleting accumulator 'HalfCheetah__test_5p_vicl__28588__1757743110'
W0920 21:22:58.216364 139996808591104 plugin_event_multiplexer.py:267] Deleting accumulator 'Pendulum__test_5p_vicl_18_00_19_sep_2025__21059__1758324446'
W0920 21:22:58.216384 139996808591104 plugin_event_multiplexer.py:267] Deleting accumulator 'Pendulum__test_5p_vicl_o__31483__1757801504'
W0920 21:22:58.216403 139996808591104 plugin_event_multiplexer.py:267] Deleting accumulator 'Pendulum__test_5p_vicl_o__4280__1757804562'
W0920 21:22:58.216423 139996808591104 plugin_event_multiplexer.py:267] Deleting accumulator 'Pendulum__test_5p_vicl_o__23802__1757747890'
W0920 21:22:58.216443 139996808591104 plugin_event_multiplexer.py:267] Deleting accumulator 'Pendulum__test_5p_dicl_s_clean_baseline_19_sep_pendulum_bnn_model_initialized_with_NO_sampling_with_adding_data_and_generating_latent_z_and_training_test_episodic_return__22803__1758420272'
W0920 21:22:58.216463 139996808591104 plugin_event_multiplexer.py:267] Deleting accumulator 'Pendulum__test_5p_vicl_o__956__1757836018'
W0920 21:22:58.216484 139996808591104 plugin_event_multiplexer.py:267] Deleting accumulator 'Pendulum__test_5p_vicl_o__10213__1757745374'
W0920 21:22:58.216506 139996808591104 plugin_event_multiplexer.py:267] Deleting accumulator 'Pendulum__test_5p_vicl_o__13053__1757827280'
W0920 21:22:58.216526 139996808591104 plugin_event_multiplexer.py:267] Deleting accumulator 'HalfCheetah__neue_anfang__19270__1757583445'
W0920 21:22:58.216546 139996808591104 plugin_event_multiplexer.py:267] Deleting accumulator 'Pendulum__test_5p_vicl_o__29589__1758079748'
W0920 21:22:58.216571 139996808591104 plugin_event_multiplexer.py:267] Deleting accumulator 'Pendulum__test_5p_dicl_s_clean_baseline_19_sep_pendulum_bnn_model_initialized__16571__1758344376'
W0920 21:22:58.216592 139996808591104 plugin_event_multiplexer.py:267] Deleting accumulator 'Pendulum__test_5p_vicl_o__31898__1757919013'
W0920 21:22:58.216613 139996808591104 plugin_event_multiplexer.py:267] Deleting accumulator 'Pendulum__test_5p_vicl_o__17664__1757836098'
W0920 21:22:58.216632 139996808591104 plugin_event_multiplexer.py:267] Deleting accumulator 'Pendulum__test_5p_vicl_o__31999__1757801444'
W0920 21:22:58.216652 139996808591104 plugin_event_multiplexer.py:267] Deleting accumulator 'HalfCheetah__test_5p_vicl__5053__1758263621'
W0920 21:22:58.216672 139996808591104 plugin_event_multiplexer.py:267] Deleting accumulator 'Pendulum__test_5p_vicl_o__6251__1757801724'
W0920 21:22:58.216692 139996808591104 plugin_event_multiplexer.py:267] Deleting accumulator 'Pendulum__test_5p_dicl_s_clean_baseline_20_sep_test_episodic_return__11517__1758421011'
W0920 21:22:58.216712 139996808591104 plugin_event_multiplexer.py:267] Deleting accumulator 'HalfCheetah__neue_anfang__31585__1757583381'
W0920 21:22:58.216732 139996808591104 plugin_event_multiplexer.py:267] Deleting accumulator 'HalfCheetah__test_5p_vicl__2528__1757743266'
W0920 21:22:58.216753 139996808591104 plugin_event_multiplexer.py:267] Deleting accumulator 'Pendulum__test_5p_vicl_o__30089__1757805167'
W0920 21:22:58.216773 139996808591104 plugin_event_multiplexer.py:267] Deleting accumulator 'Pendulum__test_5p_vicl_o__28443__1757835683'
W0920 21:22:58.216793 139996808591104 plugin_event_multiplexer.py:267] Deleting accumulator 'Pendulum__test_5p_vicl_o__31759__1757806492'
W0920 21:22:58.216812 139996808591104 plugin_event_multiplexer.py:267] Deleting accumulator 'Pendulum__test_5p_dicl_s_clean_baseline_19_sep_pendulum_bnn_model_initialized__13555__1758343500'
W0920 21:22:58.216832 139996808591104 plugin_event_multiplexer.py:267] Deleting accumulator 'HalfCheetah-v4__test_5p_dicl_s_pca_cl300__seed_42_shuffled__42__1746516093'
W0920 21:22:58.216852 139996808591104 plugin_event_multiplexer.py:267] Deleting accumulator 'Pendulum__test_5p_vicl_o__14436__1757746888'
W0920 21:22:58.216871 139996808591104 plugin_event_multiplexer.py:267] Deleting accumulator 'Pendulum__test_5p_vicl_o__16406__1758227365'
W0920 21:22:58.216891 139996808591104 plugin_event_multiplexer.py:267] Deleting accumulator 'Pendulum__test_5p_vicl_o__24523__1758079891'
W0920 21:22:58.216910 139996808591104 plugin_event_multiplexer.py:267] Deleting accumulator 'HalfCheetah__test_5p_vicl__25368__1758333876'
W0920 21:22:58.216933 139996808591104 plugin_event_multiplexer.py:267] Deleting accumulator 'Pendulum__test_5p_vicl_o__2771__1758238837'
W0920 21:22:58.216953 139996808591104 plugin_event_multiplexer.py:267] Deleting accumulator 'Pendulum__test_5p_vicl_o__19685__1758228787'
W0920 21:22:58.216972 139996808591104 plugin_event_multiplexer.py:267] Deleting accumulator 'HalfCheetah__test_5p_vicl__28567__1757662344'
W0920 21:22:58.216991 139996808591104 plugin_event_multiplexer.py:267] Deleting accumulator 'Pendulum__test_5p_dicl_s_clean_baseline_19_sep_pendulum_bll__29433__1758340034'
W0920 21:22:58.217011 139996808591104 plugin_event_multiplexer.py:267] Deleting accumulator 'Pendulum__test_5p_vicl_o__24336__1757750993'
W0920 21:22:58.217031 139996808591104 plugin_event_multiplexer.py:267] Deleting accumulator 'HalfCheetah__neue_anfang__25255__1757627013'
W0920 21:22:58.217051 139996808591104 plugin_event_multiplexer.py:267] Deleting accumulator 'Pendulum__test_5p_dicl_s_clean_baseline_19_sep_pendulum_bnn_model_initialized__22829__1758344901'
W0920 21:22:58.217071 139996808591104 plugin_event_multiplexer.py:267] Deleting accumulator 'Pendulum__test_5p_vicl_o__18731__1757964590'
W0920 21:22:58.217091 139996808591104 plugin_event_multiplexer.py:267] Deleting accumulator 'HalfCheetah__test_5p_vicl__27197__1757743032'
W0920 21:22:58.217110 139996808591104 plugin_event_multiplexer.py:267] Deleting accumulator 'Pendulum__test_5p_vicl_o__2068__1757910583'
W0920 21:22:58.217133 139996808591104 plugin_event_multiplexer.py:267] Deleting accumulator 'Pendulum__test_5p_vicl_o__29573__1757806556'
W0920 21:22:58.217153 139996808591104 plugin_event_multiplexer.py:267] Deleting accumulator 'HalfCheetah__neue_anfang__12662__1757627132'
W0920 21:22:58.217173 139996808591104 plugin_event_multiplexer.py:267] Deleting accumulator 'Pendulum__test_5p_dicl_s_clean_baseline_19_sep_pendulum_bnn_model_initialized_with_sampling_with_adding_data___4892__1758349675'
W0920 21:22:58.217193 139996808591104 plugin_event_multiplexer.py:267] Deleting accumulator 'HalfCheetah__test_5p_vicl__10627__1757661299'
W0920 21:22:58.217212 139996808591104 plugin_event_multiplexer.py:267] Deleting accumulator 'Pendulum__test_5p_vicl_o__22973__1757828326'
W0920 21:22:58.217232 139996808591104 plugin_event_multiplexer.py:267] Deleting accumulator 'Pendulum__test_5p_vicl_o__31817__1758227155'
W0920 21:22:58.217251 139996808591104 plugin_event_multiplexer.py:267] Deleting accumulator 'Pendulum__test_5p_dicl_s_clean_baseline_19_sep_pendulum_bll__3376__1758336316'
W0920 21:22:58.217271 139996808591104 plugin_event_multiplexer.py:267] Deleting accumulator 'Pendulum__test_5p_vicl_o__26270__1757743399'
W0920 21:22:58.217290 139996808591104 plugin_event_multiplexer.py:267] Deleting accumulator 'Pendulum__test_5p_dicl_s_clean_baseline_19_sep_pendulum_bnn_model_initialized_with_sampling_with_adding_data__8201__1758349905'
W0920 21:22:58.217310 139996808591104 plugin_event_multiplexer.py:267] Deleting accumulator 'Pendulum__test_5p_dicl_s_clean_baseline_19_sep_pendulum_bnn_model_initialized_with_NO_sampling_with_adding_data__and_training__3343__1758350556'
W0920 21:22:58.217330 139996808591104 plugin_event_multiplexer.py:267] Deleting accumulator 'Pendulum__test_5p_vicl_o__27434__1758262481'
W0920 21:22:58.217350 139996808591104 plugin_event_multiplexer.py:267] Deleting accumulator 'Pendulum__test_5p_vicl_18_00_19_sep_2025__31837__1758324141'
W0920 21:22:58.217369 139996808591104 plugin_event_multiplexer.py:267] Deleting accumulator 'HalfCheetah__neue_anfang__22979__1757627325'
W0920 21:22:58.217389 139996808591104 plugin_event_multiplexer.py:267] Deleting accumulator 'Pendulum__test_5p_vicl_o__22204__1757919814'
W0920 21:22:58.217409 139996808591104 plugin_event_multiplexer.py:267] Deleting accumulator 'Pendulum__test_5p_vicl_o__32021__1758261674'
W0920 21:22:58.217428 139996808591104 plugin_event_multiplexer.py:267] Deleting accumulator 'Pendulum__test_5p_vicl_o__23963__1758238703'
W0920 21:22:58.217448 139996808591104 plugin_event_multiplexer.py:267] Deleting accumulator 'Pendulum__test_5p_dicl_s_clean_baseline_19_sep_pendulum_bnn_model_initialized_with_NO_sampling_with_adding_data_and_generating_latent_z_and_training__24671__1758351263'
W0920 21:22:58.217468 139996808591104 plugin_event_multiplexer.py:267] Deleting accumulator 'HalfCheetah__test_5p_vicl__30818__1757662308'
W0920 21:22:58.217488 139996808591104 plugin_event_multiplexer.py:267] Deleting accumulator 'Pendulum__test_5p_vicl_o__15191__1757800410'
W0920 21:22:58.217507 139996808591104 plugin_event_multiplexer.py:267] Deleting accumulator 'Pendulum__test_5p_vicl_o__12089__1757802624'
W0920 21:22:58.217526 139996808591104 plugin_event_multiplexer.py:267] Deleting accumulator 'Pendulum__test_5p_vicl_o__22149__1757747800'
W0920 21:22:58.217545 139996808591104 plugin_event_multiplexer.py:267] Deleting accumulator 'Pendulum__test_5p_vicl_o__6106__1757805309'
W0920 21:22:58.217564 139996808591104 plugin_event_multiplexer.py:267] Deleting accumulator 'Pendulum__test_5p_vicl_o__672__1758262259'
W0920 21:22:58.217583 139996808591104 plugin_event_multiplexer.py:267] Deleting accumulator 'Pendulum__test_5p_dicl_s_clean_baseline_19_sep_pendulum_bnn_model_initialized_with_sampling_with_adding_data__9183__1758348303'
W0920 21:22:58.217603 139996808591104 plugin_event_multiplexer.py:267] Deleting accumulator 'Pendulum__test_5p_vicl_o__9142__1758227416'
W0920 21:22:58.217622 139996808591104 plugin_event_multiplexer.py:267] Deleting accumulator 'HalfCheetah__test_5p_vicl__16773__1758263268'
W0920 21:22:58.217647 139996808591104 plugin_event_multiplexer.py:267] Deleting accumulator 'Pendulum__test_5p_vicl_o__925__1757750876'
W0920 21:22:58.217667 139996808591104 plugin_event_multiplexer.py:267] Deleting accumulator 'Pendulum__test_5p_vicl_o__21230__1757801978'
W0920 21:22:58.217686 139996808591104 plugin_event_multiplexer.py:267] Deleting accumulator 'Pendulum__test_5p_dicl_s_clean_baseline_19_sep_pendulum_bnn_model_initialized_with_NO_sampling_with_adding_data_and_generating_latent_z_and_training__14489__1758351591'
W0920 21:22:58.217706 139996808591104 plugin_event_multiplexer.py:267] Deleting accumulator 'Pendulum__test_5p_vicl_o__25419__1757747160'
W0920 21:22:58.217726 139996808591104 plugin_event_multiplexer.py:267] Deleting accumulator 'Pendulum__test_5p_vicl_o__3895__1757828706'
W0920 21:22:58.217747 139996808591104 plugin_event_multiplexer.py:267] Deleting accumulator 'Pendulum__test_5p_vicl_o__25992__1757747598'
W0920 21:22:58.217768 139996808591104 plugin_event_multiplexer.py:267] Deleting accumulator 'HalfCheetah__test_5p_vicl__25434__1757653545'
W0920 21:22:58.217788 139996808591104 plugin_event_multiplexer.py:267] Deleting accumulator 'Pendulum__test_5p_vicl_o__27659__1757828284'
W0920 21:22:58.217808 139996808591104 plugin_event_multiplexer.py:267] Deleting accumulator 'Pendulum__test_5p_vicl_o__9687__1757797516'
W0920 21:22:58.217827 139996808591104 plugin_event_multiplexer.py:267] Deleting accumulator 'Pendulum__test_5p_vicl_o__3732__1757797457'
W0920 21:22:58.217846 139996808591104 plugin_event_multiplexer.py:267] Deleting accumulator 'HalfCheetah__test_5p_vicl__26938__1757661416'
W0920 21:22:58.217865 139996808591104 plugin_event_multiplexer.py:267] Deleting accumulator 'Pendulum__test_5p_vicl_18_00_19_sep_2025__17850__1758324281'
W0920 21:22:58.217885 139996808591104 plugin_event_multiplexer.py:267] Deleting accumulator 'Pendulum__test_5p_dicl_s_clean_baseline_19_sep_pendulum_bnn_model_initialized_with_NO_sampling_with_adding_data_and_generating_latent_z_and_training_and_updating_bays_reg__30494__1758352204'
W0920 21:22:58.217904 139996808591104 plugin_event_multiplexer.py:267] Deleting accumulator 'Pendulum__test_5p_vicl_o__23734__1757968974'
W0920 21:22:58.217928 139996808591104 plugin_event_multiplexer.py:267] Deleting accumulator 'Pendulum__test_5p_vicl_o__9198__1757751219'
W0920 21:22:58.217948 139996808591104 plugin_event_multiplexer.py:267] Deleting accumulator 'HalfCheetah__test_5p_vicl__32450__1757651239'
W0920 21:22:58.217967 139996808591104 plugin_event_multiplexer.py:267] Deleting accumulator 'Pendulum__test_5p_vicl_o__9702__1757913920'
W0920 21:22:58.217987 139996808591104 plugin_event_multiplexer.py:267] Deleting accumulator 'Pendulum__test_5p_vicl_o__27945__1757911337'
W0920 21:22:58.218006 139996808591104 plugin_event_multiplexer.py:267] Deleting accumulator 'HalfCheetah__test_5p_vicl__21588__1758334575'
W0920 21:22:58.218025 139996808591104 plugin_event_multiplexer.py:267] Deleting accumulator 'Pendulum__test_5p_vicl_o__16906__1757750356'
W0920 21:22:58.218045 139996808591104 plugin_event_multiplexer.py:267] Deleting accumulator 'HalfCheetah__neue_anfang__10865__1757626934'
W0920 21:22:58.218064 139996808591104 plugin_event_multiplexer.py:267] Deleting accumulator 'Pendulum__test_5p_vicl_o__7428__1757748462'
W0920 21:22:58.218084 139996808591104 plugin_event_multiplexer.py:267] Deleting accumulator 'Pendulum__test_5p_vicl_o__8066__1757745012'
W0920 21:22:58.218104 139996808591104 plugin_event_multiplexer.py:267] Deleting accumulator 'Pendulum__test_5p_vicl_o__7041__1757834528'
W0920 21:22:58.218124 139996808591104 plugin_event_multiplexer.py:267] Deleting accumulator 'HalfCheetah__test_5p_vicl__26660__1757631763'
W0920 21:22:58.218144 139996808591104 plugin_event_multiplexer.py:267] Deleting accumulator 'Pendulum__test_5p_dicl_s_clean_baseline_19_sep_pendulum__6213__1758335668'
W0920 21:22:58.218164 139996808591104 plugin_event_multiplexer.py:267] Deleting accumulator 'Pendulum__test_5p_vicl_o__11147__1757832342'
W0920 21:22:58.218187 139996808591104 plugin_event_multiplexer.py:267] Deleting accumulator 'Pendulum__test_5p_vicl_o__25075__1757804810'
W0920 21:22:58.218208 139996808591104 plugin_event_multiplexer.py:267] Deleting accumulator 'Pendulum__test_5p_dicl_s_clean_baseline_19_sep_pendulum_bnn_model_initialized__11379__1758345004'
W0920 21:22:58.218228 139996808591104 plugin_event_multiplexer.py:267] Deleting accumulator 'Pendulum__test_5p_vicl_o__27298__1757748133'
W0920 21:22:58.218249 139996808591104 plugin_event_multiplexer.py:267] Deleting accumulator 'Pendulum__test_5p_vicl_o__11004__1757749651'
W0920 21:22:58.218269 139996808591104 plugin_event_multiplexer.py:267] Deleting accumulator 'Pendulum__test_5p_vicl_o__5412__1758260881'
W0920 21:22:58.218288 139996808591104 plugin_event_multiplexer.py:267] Deleting accumulator 'Pendulum__test_5p_vicl_o__18126__1757828578'
W0920 21:22:58.218307 139996808591104 plugin_event_multiplexer.py:267] Deleting accumulator 'Pendulum__test_5p_vicl_o__24758__1757966473'
W0920 21:22:58.218327 139996808591104 plugin_event_multiplexer.py:267] Deleting accumulator 'HalfCheetah__test_5p_vicl__16654__1757662432'
W0920 21:22:58.218346 139996808591104 plugin_event_multiplexer.py:267] Deleting accumulator 'HalfCheetah__test_5p_vicl__18936__1757742947'
W0920 21:22:58.218365 139996808591104 plugin_event_multiplexer.py:267] Deleting accumulator 'Pendulum__test_5p_vicl_o__1752__1758238343'
W0920 21:26:03.269694 139996808591104 plugin_event_multiplexer.py:267] Deleting accumulator 'Pendulum__test_5p_dicl_s_clean_baseline_20_sep_test_episodic_return__231__1758421475'
W0920 21:48:59.154859 139996808591104 plugin_event_multiplexer.py:267] Deleting accumulator 'Pendulum__test_5p_dicl_s_clean_baseline_20_sep_test_episodic_return__32572__1758422422'
W0920 21:48:59.155117 139996808591104 plugin_event_multiplexer.py:267] Deleting accumulator 'Pendulum__test_5p_dicl_s_clean_baseline_20_sep_test_episodic_return__25538__1758422264'
W0920 21:48:59.155151 139996808591104 plugin_event_multiplexer.py:267] Deleting accumulator 'Pendulum__test_5p_dicl_s_clean_baseline_20_sep_test_episodic_return__18050__1758421645'
W0920 21:48:59.155175 139996808591104 plugin_event_multiplexer.py:267] Deleting accumulator 'Pendulum__test_5p_dicl_s_clean_baseline_20_sep_test_episodic_return__5483__1758422216'
W0920 23:35:42.745208 139996808591104 plugin_event_multiplexer.py:267] Deleting accumulator 'Pendulum__test_5p_dicl_s_clean_baseline_20_sep_test_episodic_return__31899__1758425363'
W0920 23:35:42.745519 139996808591104 plugin_event_multiplexer.py:267] Deleting accumulator 'Pendulum__test_5p_dicl_s_clean_baseline_20_sep_test_episodic_return__16835__1758426553'
W0920 23:35:42.745553 139996808591104 plugin_event_multiplexer.py:267] Deleting accumulator 'Pendulum__test_5p_dicl_s_clean_baseline_20_sep_test_episodic_return__26165__1758426977'
W0920 23:35:42.745579 139996808591104 plugin_event_multiplexer.py:267] Deleting accumulator 'Pendulum__test_5p_dicl_s_clean_baseline_20_sep_test_episodic_return__18387__1758425408'
W0920 23:35:42.745604 139996808591104 plugin_event_multiplexer.py:267] Deleting accumulator 'Pendulum__test_5p_dicl_s_clean_baseline_20_sep_test_episodic_return__6441__1758426611'
W0920 23:35:42.745626 139996808591104 plugin_event_multiplexer.py:267] Deleting accumulator 'Pendulum__test_5p_dicl_s_clean_baseline_20_sep_test_episodic_return__13545__1758423389'
W0920 23:35:42.745648 139996808591104 plugin_event_multiplexer.py:267] Deleting accumulator 'Pendulum__test_5p_dicl_s_clean_baseline_20_sep_test_episodic_return__4133__1758425614'
W0920 23:35:42.745669 139996808591104 plugin_event_multiplexer.py:267] Deleting accumulator 'Pendulum__test_5p_dicl_s_clean_baseline_20_sep_test_episodic_return__11603__1758425941'
W0920 23:35:42.745689 139996808591104 plugin_event_multiplexer.py:267] Deleting accumulator 'Pendulum__test_5p_dicl_s_clean_baseline_20_sep_test_episodic_return__24672__1758426375'
W0920 23:35:42.745710 139996808591104 plugin_event_multiplexer.py:267] Deleting accumulator 'Pendulum__test_5p_dicl_s_clean_baseline_20_sep_test_episodic_return__20917__1758427766'
W0920 23:35:42.745734 139996808591104 plugin_event_multiplexer.py:267] Deleting accumulator 'Pendulum__test_5p_dicl_s_clean_baseline_20_sep_test_episodic_return__24892__1758426278'
W0920 23:35:42.745757 139996808591104 plugin_event_multiplexer.py:267] Deleting accumulator 'Pendulum__test_5p_dicl_s_clean_baseline_20_sep_test_episodic_return__31899__1758425659'
W0920 23:35:42.745779 139996808591104 plugin_event_multiplexer.py:267] Deleting accumulator 'Pendulum__test_5p_dicl_s_clean_baseline_20_sep_test_episodic_return__12644__1758425770'
W0920 23:35:42.745801 139996808591104 plugin_event_multiplexer.py:267] Deleting accumulator 'Pendulum__test_5p_dicl_s_clean_baseline_20_sep_test_episodic_return__2095__1758424580'
W0920 23:35:42.745825 139996808591104 plugin_event_multiplexer.py:267] Deleting accumulator 'Pendulum__test_5p_dicl_s_clean_baseline_20_sep_test_episodic_return__503__1758427929'
W0920 23:35:42.745847 139996808591104 plugin_event_multiplexer.py:267] Deleting accumulator 'Pendulum__test_5p_dicl_s_clean_baseline_20_sep_test_episodic_return__2718__1758422954'
W0920 23:35:42.745869 139996808591104 plugin_event_multiplexer.py:267] Deleting accumulator 'Pendulum__test_5p_dicl_s_clean_baseline_20_sep_test_episodic_return__13638__1758423141'
W0920 23:35:42.745890 139996808591104 plugin_event_multiplexer.py:267] Deleting accumulator 'Pendulum__test_5p_dicl_s_clean_baseline_20_sep_test_episodic_return__24564__1758427055'
W0920 23:35:42.745910 139996808591104 plugin_event_multiplexer.py:267] Deleting accumulator 'Pendulum__test_5p_dicl_s_clean_baseline_20_sep_test_episodic_return__7912__1758425833'
W0920 23:35:42.745946 139996808591104 plugin_event_multiplexer.py:267] Deleting accumulator 'Pendulum__test_5p_dicl_s_clean_baseline_20_sep_test_episodic_return__24345__1758428228'
W0920 23:35:42.745969 139996808591104 plugin_event_multiplexer.py:267] Deleting accumulator 'Pendulum__test_5p_dicl_s_clean_baseline_20_sep_test_episodic_return__26783__1758426492'
W0920 23:35:42.745991 139996808591104 plugin_event_multiplexer.py:267] Deleting accumulator 'Pendulum__test_5p_dicl_s_clean_baseline_20_sep_test_episodic_return__23838__1758428055'
W0920 23:35:42.746012 139996808591104 plugin_event_multiplexer.py:267] Deleting accumulator 'Pendulum__test_5p_dicl_s_clean_baseline_20_sep_test_episodic_return__13721__1758428026'
W0920 23:35:42.746032 139996808591104 plugin_event_multiplexer.py:267] Deleting accumulator 'Pendulum__test_5p_dicl_s_clean_baseline_20_sep_test_episodic_return__23497__1758424395'
W0920 23:35:42.746052 139996808591104 plugin_event_multiplexer.py:267] Deleting accumulator 'Pendulum__test_5p_dicl_s_clean_baseline_20_sep_test_episodic_return__13611__1758427183'
W0920 23:35:42.746072 139996808591104 plugin_event_multiplexer.py:267] Deleting accumulator 'Pendulum__test_5p_dicl_s_clean_baseline_20_sep_test_episodic_return__9809__1758425879'
W0920 23:35:42.746092 139996808591104 plugin_event_multiplexer.py:267] Deleting accumulator 'Pendulum__test_5p_dicl_s_clean_baseline_20_sep_test_episodic_return__14313__1758425978'
W0921 01:20:01.869306 139996808591104 plugin_event_multiplexer.py:267] Deleting accumulator 'HalfCheetah-v4__test_5p_dicl_s_clean_baseline_20_sep_test_episodic_return__16893__1758429875'
